<?xml version="1.0" encoding="UTF-8"?>
<!-- Generated by org.testng.reporters.JUnitReportReporter -->
<testsuite hostname="DESKTOP-1SSOFLA" failures="0" tests="1" name="Package.AppTest" time="2.067" errors="0" timestamp="2024-01-30T14:06:45 IST" skipped="0">
  <testcase classname="Package.AppTest" name="testCase02" time="2.067"/>
  <system-out/>
</testsuite> <!-- Package.AppTest -->
