<?xml version="1.0" encoding="UTF-8"?>
<!-- Generated by org.testng.reporters.JUnitReportReporter -->
<testsuite hostname="DESKTOP-1SSOFLA" failures="0" tests="5" name="Crio_Sprint9_.Crio_Sprint9_.AppTest" time="5.857" errors="0" timestamp="2024-01-30T10:54:59 IST" skipped="0">
  <testcase classname="Crio_Sprint9_.Crio_Sprint9_.AppTest" name="testCase02" time="1.254"/>
  <system-out/>
  <testcase classname="Crio_Sprint9_.Crio_Sprint9_.AppTest" name="testCase02" time="0.835"/>
  <system-out/>
  <testcase classname="Crio_Sprint9_.Crio_Sprint9_.AppTest" name="testCase02" time="0.893"/>
  <system-out/>
  <testcase classname="Crio_Sprint9_.Crio_Sprint9_.AppTest" name="testCase02" time="0.901"/>
  <system-out/>
  <testcase classname="Crio_Sprint9_.Crio_Sprint9_.AppTest" name="testCase02" time="1.974"/>
  <system-out/>
</testsuite> <!-- Crio_Sprint9_.Crio_Sprint9_.AppTest -->
